  GameManager.cpp
C:\Users\Yoga Sandy\Documents\GitHub\Project-Akhir-Game-Design-Pattern\Player.h(75,20): warning C4244: 'argument': conversion from 'float' to 'int', possible loss of data
  (compiling source file 'GameManager.cpp')
  
C:\Users\Yoga Sandy\Documents\GitHub\Project-Akhir-Game-Design-Pattern\Player.h(74,20): warning C4244: 'argument': conversion from 'float' to 'int', possible loss of data
  (compiling source file 'GameManager.cpp')
  
C:\Users\Yoga Sandy\Documents\GitHub\Project-Akhir-Game-Design-Pattern\GameManager.cpp(43,15): warning C4244: 'argument': conversion from 'time_t' to 'unsigned int', possible loss of data
  GameStates.cpp
C:\Users\Yoga Sandy\Documents\GitHub\Project-Akhir-Game-Design-Pattern\Player.h(75,20): warning C4244: 'argument': conversion from 'float' to 'int', possible loss of data
  (compiling source file 'GameStates.cpp')
  
C:\Users\Yoga Sandy\Documents\GitHub\Project-Akhir-Game-Design-Pattern\Player.h(74,20): warning C4244: 'argument': conversion from 'float' to 'int', possible loss of data
  (compiling source file 'GameStates.cpp')
  
C:\Users\Yoga Sandy\Documents\GitHub\Project-Akhir-Game-Design-Pattern\GameStates.cpp(37,62): warning C4244: 'argument': conversion from 'int' to 'float', possible loss of data
C:\Users\Yoga Sandy\Documents\GitHub\Project-Akhir-Game-Design-Pattern\GameStates.cpp(38,68): warning C4244: 'argument': conversion from 'int' to 'float', possible loss of data
C:\Users\Yoga Sandy\Documents\GitHub\Project-Akhir-Game-Design-Pattern\GameStates.cpp(39,96): warning C4244: 'argument': conversion from 'int' to 'float', possible loss of data
C:\Users\Yoga Sandy\Documents\GitHub\Project-Akhir-Game-Design-Pattern\GameStates.cpp(40,72): warning C4244: 'argument': conversion from 'int' to 'float', possible loss of data
C:\Users\Yoga Sandy\Documents\GitHub\Project-Akhir-Game-Design-Pattern\GameStates.cpp(44,39): warning C4244: 'argument': conversion from 'int' to 'float', possible loss of data
C:\Users\Yoga Sandy\Documents\GitHub\Project-Akhir-Game-Design-Pattern\GameStates.cpp(175,58): warning C4244: 'argument': conversion from 'int' to 'float', possible loss of data
C:\Users\Yoga Sandy\Documents\GitHub\Project-Akhir-Game-Design-Pattern\GameStates.cpp(177,35): warning C4244: 'argument': conversion from 'int' to 'float', possible loss of data
C:\Users\Yoga Sandy\Documents\GitHub\Project-Akhir-Game-Design-Pattern\GameStates.cpp(180,71): warning C4244: 'argument': conversion from 'int' to 'float', possible loss of data
C:\Users\Yoga Sandy\Documents\GitHub\Project-Akhir-Game-Design-Pattern\GameStates.cpp(182,77): warning C4244: 'argument': conversion from 'int' to 'float', possible loss of data
C:\Users\Yoga Sandy\Documents\GitHub\Project-Akhir-Game-Design-Pattern\GameStates.cpp(183,69): warning C4244: 'argument': conversion from 'int' to 'float', possible loss of data
  main.cpp
  Generating Code...
  LINK : C:\Users\Yoga Sandy\Documents\GitHub\Project-Akhir-Game-Design-Pattern\x64\Debug\Project Akhir Game Design Pattern.exe not found or not built by the last incremental link; performing full link
LINK : warning LNK4098: defaultlib 'MSVCRT' conflicts with use of other libs; use /NODEFAULTLIB:library
  Project Akhir Game Design Pattern.vcxproj -> C:\Users\Yoga Sandy\Documents\GitHub\Project-Akhir-Game-Design-Pattern\x64\Debug\Project Akhir Game Design Pattern.exe
